<?xml version="1.0" encoding="UTF-8"?>
<!-- Generated by org.testng.reporters.JUnitXMLReporter -->
<testsuite ignored="0" hostname="NoOneHere" failures="1" tests="4" name="Surefire test" time="40.708" errors="0" timestamp="2024-10-03T12:02:19 IST">
  <testcase classname="com.qa.selenium.tests.DashboardTest" name="pageTitle" time="0.014"/>
  <testcase classname="com.qa.selenium.tests.HomePageTest" name="pageTitle" time="0.024"/>
  <testcase classname="com.qa.selenium.tests.LoginTest" name="pageTitle" time="0.02">
    <failure type="java.lang.AssertionError" message="expected [Cogmento CRM__] but found [Cogmento CRM]">
      <![CDATA[java.lang.AssertionError: expected [Cogmento CRM__] but found [Cogmento CRM]
at com.qa.selenium.tests.LoginTest.pageTitle(LoginTest.java:45)
at java.base/java.util.ArrayList.forEach(ArrayList.java:1596)
... Removed 36 stack frames]]>
    </failure>
  </testcase> <!-- pageTitle -->
  <testcase classname="com.qa.selenium.tests.LoginTest" name="signIn" time="0.406"/>
</testsuite> <!-- Surefire test -->
